C:\USERS\84786\DESKTOP\我就不信这次不行\DEBUG\我就不信这次不行.EXE
C:\USERS\84786\DESKTOP\我就不信这次不行\DEBUG\我就不信这次不行.ILK
C:\USERS\84786\DESKTOP\我就不信这次不行\DEBUG\我就不信这次不行.PDB
C:\Users\84786\Desktop\我就不信这次不行\我就不信这次不行\Debug\cl.command.1.tlog
C:\Users\84786\Desktop\我就不信这次不行\我就不信这次不行\Debug\CL.read.1.tlog
C:\Users\84786\Desktop\我就不信这次不行\我就不信这次不行\Debug\CL.write.1.tlog
C:\Users\84786\Desktop\我就不信这次不行\我就不信这次不行\Debug\link.7872.read.1.tlog
C:\Users\84786\Desktop\我就不信这次不行\我就不信这次不行\Debug\link.7872.write.1.tlog
C:\Users\84786\Desktop\我就不信这次不行\我就不信这次不行\Debug\link.7872-cvtres.read.1.tlog
C:\Users\84786\Desktop\我就不信这次不行\我就不信这次不行\Debug\link.7872-cvtres.write.1.tlog
C:\Users\84786\Desktop\我就不信这次不行\我就不信这次不行\Debug\link.command.1.tlog
C:\Users\84786\Desktop\我就不信这次不行\我就不信这次不行\Debug\link.read.1.tlog
C:\Users\84786\Desktop\我就不信这次不行\我就不信这次不行\Debug\link.write.1.tlog
C:\Users\84786\Desktop\我就不信这次不行\我就不信这次不行\Debug\link-cvtres.read.1.tlog
C:\Users\84786\Desktop\我就不信这次不行\我就不信这次不行\Debug\link-cvtres.write.1.tlog
C:\Users\84786\Desktop\我就不信这次不行\我就不信这次不行\Debug\mt.command.1.tlog
C:\Users\84786\Desktop\我就不信这次不行\我就不信这次不行\Debug\mt.read.1.tlog
C:\Users\84786\Desktop\我就不信这次不行\我就不信这次不行\Debug\mt.write.1.tlog
C:\Users\84786\Desktop\我就不信这次不行\我就不信这次不行\Debug\rc.command.1.tlog
C:\Users\84786\Desktop\我就不信这次不行\我就不信这次不行\Debug\rc.read.1.tlog
C:\Users\84786\Desktop\我就不信这次不行\我就不信这次不行\Debug\rc.write.1.tlog
C:\Users\84786\Desktop\我就不信这次不行\我就不信这次不行\Debug\vc100.idb
C:\USERS\84786\DESKTOP\我就不信这次不行\我就不信这次不行\DEBUG\VC100.PDB
C:\USERS\84786\DESKTOP\我就不信这次不行\我就不信这次不行\DEBUG\不会再出错了哼.OBJ
C:\USERS\84786\DESKTOP\我就不信这次不行\我就不信这次不行\DEBUG\我就不信这次不行.EXE.EMBED.MANIFEST
C:\USERS\84786\DESKTOP\我就不信这次不行\我就不信这次不行\DEBUG\我就不信这次不行.EXE.EMBED.MANIFEST.RES
C:\USERS\84786\DESKTOP\我就不信这次不行\我就不信这次不行\DEBUG\我就不信这次不行.EXE.INTERMEDIATE.MANIFEST
C:\Users\84786\Desktop\我就不信这次不行\我就不信这次不行\Debug\我就不信这次不行.vcxprojResolveAssemblyReference.cache
C:\Users\84786\Desktop\我就不信这次不行\我就不信这次不行\Debug\我就不信这次不行.write.1.tlog
C:\Users\84786\Desktop\我就不信这次不行\我就不信这次不行\Debug\我就不信这次不行_manifest.rc
