生成启动时间为 2018/10/19 15:04:04。
     1>项目“C:\Users\84786\Desktop\我就不信这次不行\我就不信这次不行\我就不信这次不行.vcxproj”在节点 2 上(build 个目标)。
     1>InitializeBuildStatus:
         正在创建“Debug\我就不信这次不行.unsuccessfulbuild”，因为已指定“AlwaysCreate”。
       ClCompile:
         C:\Program Files (x86)\Microsoft Visual Studio 10.0\VC\bin\CL.exe /c /ZI /nologo /W3 /WX- /Od /Oy- /D WIN32 /D _DEBUG /D _CONSOLE /D _UNICODE /D UNICODE /Gm /EHsc /RTC1 /MDd /GS /fp:precise /Zc:wchar_t /Zc:forScope /Fo"Debug\\" /Fd"Debug\vc100.pdb" /Gd /TP /analyze- /errorReport:prompt "不会再出错了哼.cpp"
         不会再出错了哼.cpp
       ManifestResourceCompile:
         所有输出均为最新。
       Link:
         C:\Program Files (x86)\Microsoft Visual Studio 10.0\VC\bin\link.exe /ERRORREPORT:PROMPT /OUT:"C:\Users\84786\Desktop\我就不信这次不行\Debug\我就不信这次不行.exe" /INCREMENTAL /NOLOGO kernel32.lib user32.lib gdi32.lib winspool.lib comdlg32.lib advapi32.lib shell32.lib ole32.lib oleaut32.lib uuid.lib odbc32.lib odbccp32.lib /MANIFEST /ManifestFile:"Debug\我就不信这次不行.exe.intermediate.manifest" /MANIFESTUAC:"level='asInvoker' uiAccess='false'" /DEBUG /PDB:"C:\Users\84786\Desktop\我就不信这次不行\Debug\我就不信这次不行.pdb" /SUBSYSTEM:CONSOLE /TLBID:1 /DYNAMICBASE /NXCOMPAT /IMPLIB:"C:\Users\84786\Desktop\我就不信这次不行\Debug\我就不信这次不行.lib" /MACHINE:X86 "Debug\我就不信这次不行.exe.embed.manifest.res"
         "Debug\不会再出错了哼.obj"
       Manifest:
         C:\Program Files (x86)\Microsoft SDKs\Windows\v7.0A\bin\mt.exe /nologo /verbose /out:"Debug\我就不信这次不行.exe.embed.manifest" /manifest "Debug\我就不信这次不行.exe.intermediate.manifest"
         所有输出均为最新。
       LinkEmbedManifest:
         所有输出均为最新。
         我就不信这次不行.vcxproj -> C:\Users\84786\Desktop\我就不信这次不行\Debug\我就不信这次不行.exe
       FinalizeBuildStatus:
         正在删除文件“Debug\我就不信这次不行.unsuccessfulbuild”。
         正在对“Debug\我就不信这次不行.lastbuildstate”执行 Touch 任务。
     1>已完成生成项目“C:\Users\84786\Desktop\我就不信这次不行\我就不信这次不行\我就不信这次不行.vcxproj”(build 个目标)的操作。

生成成功。

已用时间 00:00:01.62
